<?xml version="1.0" encoding="UTF-8"?>
<!-- Generated by org.testng.reporters.JUnitXMLReporter -->
<testsuite hostname="DESKTOP-JCJ8HOK" ignored="0" name="Test" tests="7" failures="2" timestamp="17 Oct 2023 02:03:42 GMT" time="0.142" errors="0">
  <testcase name="cancelBooking" time="0.018" classname="testcases.BookingManagement"/>
  <testcase name="createBooking" time="0.005" classname="testcases.BookingManagement"/>
  <testcase name="modifyBooking" time="0.002" classname="testcases.BookingManagement"/>
  <testcase name="applyDiscount" time="0.0" classname="testcases.PaymentManagement">
    <failure type="org.testng.TestNGException" message="
Cannot inject @Test annotated Method [applyDiscount] with [class java.lang.String].
For more information on native dependency injection please refer to http://testng.org/doc/documentation-main.html#native-dependency-injection">
      <![CDATA[org.testng.TestNGException: 
Cannot inject @Test annotated Method [applyDiscount] with [class java.lang.String].
For more information on native dependency injection please refer to http://testng.org/doc/documentation-main.html#native-dependency-injection
... Removed 24 stack frames]]>
    </failure>
  </testcase> <!-- applyDiscount -->
  <testcase name="makePayment" time="0.0" classname="testcases.PaymentManagement">
    <failure type="org.testng.TestNGException" message="
Cannot inject @Test annotated Method [makePayment] with [class java.lang.String].
For more information on native dependency injection please refer to http://testng.org/doc/documentation-main.html#native-dependency-injection">
      <![CDATA[org.testng.TestNGException: 
Cannot inject @Test annotated Method [makePayment] with [class java.lang.String].
For more information on native dependency injection please refer to http://testng.org/doc/documentation-main.html#native-dependency-injection
... Removed 24 stack frames]]>
    </failure>
  </testcase> <!-- makePayment -->
  <testcase name="checkMailConfirmation" time="0.009" classname="testcases.CommunicationManagement"/>
  <testcase name="checkMobileConfirmation" time="0.002" classname="testcases.CommunicationManagement"/>
</testsuite> <!-- Test -->
